<?xml version="1.0" encoding="UTF-8" ?>
<testsuite tests="3" failures="0" name="com.backendpro.CategoryTest" time="17.268" errors="0" skipped="3">
  <properties>
[...]
</properties>
  <testcase classname="com.backendpro.CategoryTest" name="deleteCategory" time="5.755">
    <skipped/>
    <system-out>===Creating the DataSource Bean=====
===Creating the SessionFactory Bean=====
Creating password Encoder
===Creating the TransactionManager Bean=====
</system-out>
    <system-err>Mar 08, 2019 3:29:15 PM org.springframework.context.support.AbstractApplicationContext prepareRefresh
INFO: Refreshing org.springframework.context.annotation.AnnotationConfigApplicationContext@1851384: startup date [Fri Mar 08 15:29:15 IST 2019]; root of context hierarchy
Mar 08, 2019 3:29:17 PM org.springframework.jdbc.datasource.DriverManagerDataSource setDriverClassName
INFO: Loaded JDBC driver: org.h2.Driver
Mar 08, 2019 3:29:17 PM org.hibernate.Version logVersion
INFO: HHH000412: Hibernate Core {5.2.11.Final}
Mar 08, 2019 3:29:17 PM org.hibernate.cfg.Environment &lt;clinit&gt;
INFO: HHH000206: hibernate.properties not found
Mar 08, 2019 3:29:17 PM org.hibernate.annotations.common.reflection.java.JavaReflectionManager &lt;clinit&gt;
INFO: HCANN000001: Hibernate Commons Annotations {5.0.1.Final}
Mar 08, 2019 3:29:18 PM org.hibernate.dialect.Dialect &lt;init&gt;
INFO: HHH000400: Using dialect: org.hibernate.dialect.H2Dialect
Mar 08, 2019 3:29:19 PM org.hibernate.validator.internal.util.Version &lt;clinit&gt;
INFO: HV000001: Hibernate Validator 5.4.1.Final
Mar 08, 2019 3:29:20 PM org.springframework.orm.hibernate5.HibernateTransactionManager afterPropertiesSet
INFO: Using DataSource [org.springframework.jdbc.datasource.DriverManagerDataSource@3d9b6b] of Hibernate SessionFactory for HibernateTransactionManager
</system-err>
  </testcase>
  <testcase classname="com.backendpro.CategoryTest" name="addCategoryTest" time="5.756">
    <skipped/>
  </testcase>
  <testcase classname="com.backendpro.CategoryTest" name="getAllCategoriesTest" time="5.757">
    <skipped/>
  </testcase>
</testsuite>